12/13/2021, 8:33:02 PM - INFO - Server is running on port: 3030
12/13/2021, 8:34:24 PM - DEBUG - auth.service - login with username: aric
12/13/2021, 8:34:24 PM - ERROR - Failed to Login Invalid username or password
12/13/2021, 8:34:38 PM - DEBUG - auth.service - login with username: eric
12/13/2021, 8:34:39 PM - DEBUG - Setting (jZ8ZrHztEWKkGFJ7AAAD) socket.userId = 61ae18879c562696b6dd6e21
12/13/2021, 8:34:44 PM - INFO - Req!!!
12/13/2021, 8:34:44 PM - INFO - Req from: Eric Miller
12/13/2021, 8:46:58 PM - INFO - Req!!!
12/13/2021, 8:46:58 PM - INFO - Req from: Eric Miller
12/13/2021, 8:47:07 PM - INFO - Req!!!
12/13/2021, 8:47:07 PM - INFO - Req from: Eric Miller
12/13/2021, 8:49:06 PM - INFO - Req!!!
12/13/2021, 8:49:06 PM - INFO - Req from: Eric Miller
12/13/2021, 10:40:05 PM - INFO - Server is running on port: 3030
12/13/2021, 10:40:22 PM - INFO - Req!!!
12/13/2021, 10:41:43 PM - INFO - Req!!!
12/13/2021, 10:42:51 PM - DEBUG - auth.service - login with username: eric
12/13/2021, 10:42:51 PM - DEBUG - Setting (jdkXXW30vehFWl47AAAH) socket.userId = 61ae18879c562696b6dd6e21
12/13/2021, 10:42:55 PM - INFO - Req!!!
12/13/2021, 10:42:55 PM - INFO - Req from: Eric Miller
12/13/2021, 10:48:40 PM - INFO - Req!!!
12/13/2021, 10:48:40 PM - INFO - Req from: Eric Miller
12/13/2021, 10:50:41 PM - INFO - Req!!!
12/13/2021, 10:50:41 PM - INFO - Req from: Eric Miller
12/13/2021, 10:52:46 PM - INFO - Req!!!
12/13/2021, 10:52:46 PM - INFO - Req from: Eric Miller
12/13/2021, 10:53:24 PM - INFO - Req!!!
12/13/2021, 10:53:24 PM - INFO - Req from: Eric Miller
12/13/2021, 10:54:01 PM - INFO - Req!!!
12/13/2021, 10:54:01 PM - INFO - Req from: Eric Miller
12/13/2021, 10:54:19 PM - INFO - Req!!!
12/13/2021, 10:54:19 PM - INFO - Req from: Eric Miller
12/13/2021, 10:54:52 PM - INFO - Req!!!
12/13/2021, 10:54:52 PM - INFO - Req from: Eric Miller
12/13/2021, 10:55:32 PM - INFO - Req!!!
12/13/2021, 10:55:32 PM - INFO - Req from: Eric Miller
12/13/2021, 10:55:37 PM - INFO - Req!!!
12/13/2021, 10:55:37 PM - INFO - Req from: Eric Miller
12/13/2021, 11:04:47 PM - INFO - Req!!!
12/13/2021, 11:04:47 PM - INFO - Req from: Eric Miller
12/13/2021, 11:07:22 PM - INFO - Req!!!
12/13/2021, 11:07:22 PM - INFO - Req from: Eric Miller
12/13/2021, 11:08:05 PM - INFO - Req!!!
12/13/2021, 11:08:05 PM - INFO - Req from: Eric Miller
12/13/2021, 11:10:07 PM - INFO - Req!!!
12/13/2021, 11:10:07 PM - INFO - Req from: Eric Miller
12/13/2021, 11:11:41 PM - INFO - Req!!!
12/13/2021, 11:11:41 PM - INFO - Req from: Eric Miller
12/13/2021, 11:12:58 PM - INFO - Req!!!
12/13/2021, 11:12:58 PM - INFO - Req from: Eric Miller
12/13/2021, 11:13:06 PM - INFO - Req!!!
12/13/2021, 11:13:06 PM - INFO - Req from: Eric Miller
12/13/2021, 11:13:24 PM - INFO - Req!!!
12/13/2021, 11:13:24 PM - INFO - Req from: Eric Miller
12/13/2021, 11:14:05 PM - INFO - Req!!!
12/13/2021, 11:14:05 PM - INFO - Req from: Eric Miller
12/13/2021, 11:14:11 PM - INFO - Req!!!
12/13/2021, 11:14:11 PM - INFO - Req from: Eric Miller
12/13/2021, 11:15:33 PM - INFO - Req!!!
12/13/2021, 11:15:33 PM - INFO - Req from: Eric Miller
12/13/2021, 11:16:12 PM - INFO - Req!!!
12/13/2021, 11:16:12 PM - INFO - Req from: Eric Miller
12/13/2021, 11:17:04 PM - INFO - Req!!!
12/13/2021, 11:17:04 PM - INFO - Req from: Eric Miller
12/13/2021, 11:17:11 PM - INFO - Req!!!
12/13/2021, 11:17:11 PM - INFO - Req from: Eric Miller
12/13/2021, 11:24:12 PM - INFO - Req!!!
12/13/2021, 11:24:12 PM - INFO - Req from: Eric Miller
12/13/2021, 11:29:54 PM - INFO - Req!!!
12/13/2021, 11:29:54 PM - INFO - Req from: Eric Miller
12/13/2021, 11:34:21 PM - INFO - Req!!!
12/13/2021, 11:34:21 PM - INFO - Req from: Eric Miller
12/13/2021, 11:37:13 PM - INFO - Req!!!
12/13/2021, 11:37:13 PM - INFO - Req from: Eric Miller
12/13/2021, 11:37:43 PM - INFO - Req!!!
12/13/2021, 11:37:43 PM - INFO - Req from: Eric Miller
12/13/2021, 11:40:19 PM - INFO - Req!!!
12/13/2021, 11:40:19 PM - INFO - Req from: Eric Miller
12/13/2021, 11:40:47 PM - INFO - Req!!!
12/13/2021, 11:40:47 PM - INFO - Req from: Eric Miller
12/13/2021, 11:41:33 PM - INFO - Req!!!
12/13/2021, 11:41:33 PM - INFO - Req from: Eric Miller
12/13/2021, 11:41:49 PM - INFO - Req!!!
12/13/2021, 11:41:49 PM - INFO - Req from: Eric Miller
12/13/2021, 11:41:56 PM - INFO - Req!!!
12/13/2021, 11:41:56 PM - INFO - Req from: Eric Miller
12/13/2021, 11:47:50 PM - INFO - Req!!!
12/13/2021, 11:47:50 PM - INFO - Req from: Eric Miller
12/13/2021, 11:58:46 PM - INFO - Req!!!
12/13/2021, 11:58:46 PM - INFO - Req from: Eric Miller
12/14/2021, 12:00:02 AM - INFO - Req!!!
12/14/2021, 12:00:02 AM - INFO - Req from: Eric Miller
12/14/2021, 12:00:14 AM - INFO - Req!!!
12/14/2021, 12:00:14 AM - INFO - Req from: Eric Miller
12/14/2021, 12:01:10 AM - INFO - Req!!!
12/14/2021, 12:01:10 AM - INFO - Req from: Eric Miller
12/14/2021, 12:01:17 AM - INFO - Req!!!
12/14/2021, 12:01:17 AM - INFO - Req from: Eric Miller
12/14/2021, 12:06:09 AM - INFO - Req!!!
12/14/2021, 12:06:09 AM - INFO - Req from: Eric Miller
12/14/2021, 12:07:17 AM - INFO - Req!!!
12/14/2021, 12:07:17 AM - INFO - Req from: Eric Miller
12/14/2021, 12:07:53 AM - INFO - Req!!!
12/14/2021, 12:07:53 AM - INFO - Req from: Eric Miller
12/14/2021, 12:11:25 AM - INFO - Req!!!
12/14/2021, 12:11:25 AM - INFO - Req from: Eric Miller
12/14/2021, 12:13:04 AM - INFO - Req!!!
12/14/2021, 12:13:04 AM - INFO - Req from: Eric Miller
12/14/2021, 12:13:29 AM - INFO - Req!!!
12/14/2021, 12:13:29 AM - INFO - Req from: Eric Miller
12/14/2021, 12:14:52 AM - INFO - Req!!!
12/14/2021, 12:14:52 AM - INFO - Req from: Eric Miller
12/14/2021, 12:17:07 AM - INFO - Req!!!
12/14/2021, 12:17:07 AM - INFO - Req from: Eric Miller
12/14/2021, 12:20:35 AM - INFO - Req!!!
12/14/2021, 12:20:35 AM - INFO - Req from: Eric Miller
12/14/2021, 12:20:51 AM - INFO - Req!!!
12/14/2021, 12:20:51 AM - INFO - Req from: Eric Miller
12/14/2021, 12:33:34 AM - INFO - Req!!!
12/14/2021, 12:33:34 AM - INFO - Req from: Eric Miller
12/14/2021, 8:57:17 AM - INFO - Server is running on port: 3030
12/14/2021, 8:57:35 AM - DEBUG - auth.service - login with username: eric
12/14/2021, 8:57:35 AM - DEBUG - Setting (ViDNmqjIlQT6uOvHAAAB) socket.userId = 61ae18879c562696b6dd6e21
12/14/2021, 8:57:41 AM - INFO - Req!!!
12/14/2021, 8:57:41 AM - INFO - Req from: Eric Miller
12/14/2021, 8:58:46 AM - INFO - Req!!!
12/14/2021, 8:58:46 AM - INFO - Req from: Eric Miller
12/14/2021, 9:00:25 AM - INFO - Req!!!
12/14/2021, 9:00:25 AM - INFO - Req from: Eric Miller
12/14/2021, 9:02:18 AM - INFO - Req!!!
12/14/2021, 9:02:18 AM - INFO - Req from: Eric Miller
12/14/2021, 9:04:20 AM - INFO - Req!!!
12/14/2021, 9:04:20 AM - INFO - Req from: Eric Miller
12/14/2021, 9:19:41 AM - INFO - Req!!!
12/14/2021, 9:19:41 AM - INFO - Req from: Eric Miller
12/14/2021, 9:19:51 AM - INFO - Req!!!
12/14/2021, 9:19:51 AM - INFO - Req from: Eric Miller
12/14/2021, 9:20:08 AM - INFO - Req!!!
12/14/2021, 9:20:08 AM - INFO - Req from: Eric Miller
12/14/2021, 9:20:14 AM - INFO - Req!!!
12/14/2021, 9:20:14 AM - INFO - Req from: Eric Miller
12/14/2021, 9:20:31 AM - INFO - Req!!!
12/14/2021, 9:20:31 AM - INFO - Req from: Eric Miller
12/14/2021, 9:47:09 AM - INFO - Server is running on port: 3030
12/14/2021, 9:47:51 AM - DEBUG - auth.service - login with username: eric
12/14/2021, 9:47:51 AM - DEBUG - Setting (I7W0m_cXOMQs4iUuAAAF) socket.userId = 61ae18879c562696b6dd6e21
12/14/2021, 9:47:57 AM - INFO - Req!!!
12/14/2021, 9:47:57 AM - INFO - Req from: Eric Miller
12/14/2021, 9:52:30 AM - INFO - Req!!!
12/14/2021, 9:52:30 AM - INFO - Req from: Eric Miller
12/14/2021, 9:52:32 AM - INFO - Req!!!
12/14/2021, 9:52:32 AM - INFO - Req from: Eric Miller
12/14/2021, 9:57:22 AM - INFO - Req!!!
12/14/2021, 9:57:22 AM - INFO - Req from: Eric Miller
12/14/2021, 9:59:43 AM - INFO - Req!!!
12/14/2021, 9:59:43 AM - INFO - Req from: Eric Miller
12/14/2021, 10:04:28 AM - INFO - Server is running on port: 3030
